TN:
SF:lib/src/current_locale.dart
FNF:0
FNH:0
DA:12,6
DA:13,21
DA:14,6
DA:21,6
DA:23,6
DA:25,12
DA:26,24
DA:27,42
DA:28,6
DA:29,10
DA:30,6
DA:35,6
DA:37,6
DA:39,12
DA:40,36
DA:41,6
DA:42,10
DA:43,6
DA:48,12
DA:53,21
DA:55,7
DA:56,28
DA:57,28
DA:59,14
DA:61,21
DA:71,28
DA:73,7
DA:74,14
DA:75,28
DA:76,7
DA:78,0
DA:79,0
DA:80,0
DA:81,0
LF:34
LH:30
end_of_record
TN:
SF:lib/src/current_system_locale.dart
FNF:0
FNH:0
DA:11,8
DA:12,8
DA:13,8
DA:16,24
DA:18,8
DA:20,8
DA:21,16
DA:22,16
DA:23,10
DA:24,4
DA:25,4
DA:27,16
LF:12
LH:12
end_of_record
TN:
SF:lib/src/lang_icon_with_tool_tip.dart
FNF:0
FNH:0
DA:96,5
DA:112,6
DA:125,6
DA:126,6
DA:131,0
DA:133,0
DA:136,6
DA:138,12
DA:139,12
DA:140,2
DA:142,6
DA:143,24
DA:146,0
DA:147,12
DA:148,12
DA:149,6
DA:151,18
DA:154,11
DA:155,10
DA:156,10
DA:158,12
DA:162,6
DA:163,6
DA:164,6
DA:165,6
DA:172,6
DA:173,12
DA:174,12
DA:175,2
DA:177,6
DA:178,6
DA:179,0
DA:181,0
DA:184,12
DA:185,6
DA:186,24
DA:188,0
DA:189,0
DA:190,0
DA:191,0
DA:192,0
DA:195,12
DA:196,1
DA:197,1
DA:199,1
DA:200,1
DA:201,2
DA:202,3
DA:203,3
DA:204,2
DA:215,6
DA:219,18
DA:220,6
DA:226,18
DA:227,12
DA:228,12
DA:230,6
DA:232,6
DA:233,0
DA:234,12
DA:235,0
DA:237,6
DA:238,24
DA:239,0
DA:240,0
DA:241,0
DA:242,0
DA:243,0
DA:245,0
DA:246,0
DA:248,0
DA:250,6
DA:251,0
DA:253,0
DA:255,0
DA:256,6
DA:257,0
DA:258,0
DA:259,0
DA:261,9
DA:262,1
DA:263,1
DA:264,1
DA:266,0
DA:267,6
DA:269,12
DA:270,6
DA:271,24
LF:88
LH:61
end_of_record
TN:
SF:lib/src/locale_manager.dart
FNF:0
FNH:0
DA:65,7
DA:74,7
DA:75,7
DA:79,18
DA:80,18
DA:81,6
DA:87,7
DA:89,14
DA:90,1
DA:91,2
DA:92,12
DA:94,8
DA:95,4
DA:96,0
DA:99,4
DA:100,4
DA:102,2
DA:103,1
DA:104,0
DA:107,1
DA:109,1
DA:114,7
DA:118,14
DA:119,0
DA:120,0
DA:125,21
DA:128,6
DA:130,18
DA:133,12
DA:134,18
DA:135,12
DA:143,6
DA:145,18
DA:146,6
DA:149,6
DA:151,12
LF:36
LH:32
end_of_record
TN:
SF:lib/src/locale_matcher.dart
FNF:0
FNH:0
DA:16,16
DA:18,8
DA:19,32
DA:20,42
DA:26,7
DA:27,21
DA:28,21
DA:29,14
DA:30,1
DA:32,21
DA:33,42
DA:39,1
DA:40,3
DA:41,6
DA:51,4
DA:53,4
DA:55,4
DA:63,8
DA:65,15
DA:70,1
DA:72,1
DA:73,1
DA:74,1
DA:77,1
DA:78,4
DA:79,0
DA:80,4
DA:81,3
LF:28
LH:27
end_of_record
TN:
SF:lib/src/locale_name.dart
FNF:0
FNH:0
DA:27,1
DA:29,4
DA:35,7
DA:37,14
DA:38,14
DA:39,24
DA:40,12
DA:43,7
DA:44,7
DA:45,3
DA:46,3
DA:51,7
DA:52,28
DA:55,0
DA:59,8
DA:72,6
DA:73,24
DA:74,0
DA:75,0
DA:76,0
DA:79,18
DA:80,6
DA:81,0
DA:83,6
DA:87,6
DA:88,36
DA:89,31
DA:90,5
DA:91,6
DA:95,8
DA:96,8
LF:31
LH:26
end_of_record
TN:
SF:lib/src/locale_observable.dart
FNF:0
FNH:0
DA:7,8
DA:11,14
DA:20,8
DA:22,2
DA:24,4
LF:5
LH:5
end_of_record
TN:
SF:lib/src/locale_store.dart
FNF:0
FNH:0
DA:10,24
DA:15,13
DA:16,10
DA:19,7
DA:30,7
DA:35,7
DA:40,1
DA:46,7
DA:51,4
DA:52,4
DA:53,4
LF:11
LH:11
end_of_record
TN:
SF:lib/src/locale_switch_sub_widgets/drop_down_menu_language_switch.dart
FNF:0
FNH:0
DA:11,6
DA:20,6
DA:22,12
DA:23,18
DA:24,12
DA:27,6
DA:28,6
DA:29,12
DA:31,6
DA:32,12
DA:33,6
DA:36,18
DA:37,12
DA:42,6
DA:44,6
DA:45,12
DA:46,6
DA:47,12
DA:48,6
DA:50,6
DA:51,11
DA:52,6
DA:53,12
DA:59,30
DA:61,2
DA:63,4
DA:64,0
DA:66,0
DA:67,0
DA:70,2
DA:71,4
LF:31
LH:28
end_of_record
TN:
SF:lib/src/locale_switch_sub_widgets/grid_of_languages.dart
FNF:0
FNH:0
DA:12,2
DA:19,2
DA:21,2
DA:23,2
DA:24,2
DA:28,2
DA:29,4
DA:30,6
DA:31,0
DA:32,2
DA:33,2
DA:34,2
DA:35,2
DA:36,4
DA:38,2
DA:39,2
DA:40,2
DA:41,2
DA:43,6
DA:45,2
DA:47,2
DA:48,2
DA:49,6
LF:23
LH:22
end_of_record
TN:
SF:lib/src/locale_switch_sub_widgets/helpers/state_box_to_access_context.dart
FNF:0
FNH:0
DA:4,6
DA:8,6
DA:10,6
DA:14,6
LF:4
LH:4
end_of_record
TN:
SF:lib/src/locale_switch_sub_widgets/segmented_button_switch.dart
FNF:0
FNH:0
DA:11,1
DA:18,1
DA:20,2
DA:21,2
DA:22,2
DA:25,1
DA:26,1
DA:27,2
DA:28,5
DA:30,1
DA:33,1
DA:34,1
DA:36,0
DA:37,0
DA:38,0
DA:41,0
DA:42,0
DA:50,0
DA:59,1
DA:60,2
DA:61,1
DA:62,1
DA:64,1
DA:65,1
DA:66,1
DA:67,1
DA:68,2
DA:69,3
DA:73,1
LF:29
LH:23
end_of_record
TN:
SF:lib/src/locale_switch_sub_widgets/select_locale_button.dart
FNF:0
FNH:0
DA:12,6
DA:18,6
DA:20,6
DA:21,6
DA:22,6
DA:23,6
DA:24,12
DA:25,6
DA:26,12
DA:27,12
DA:28,6
DA:29,12
DA:30,12
DA:31,12
DA:33,4
DA:35,4
DA:36,4
DA:37,4
LF:18
LH:18
end_of_record
TN:
SF:lib/src/locale_switch_sub_widgets/title_of_locale_switch.dart
FNF:0
FNH:0
DA:8,6
DA:31,6
DA:34,12
DA:35,12
DA:36,6
DA:37,15
DA:40,15
DA:41,10
DA:42,10
DA:43,15
DA:48,12
DA:49,12
DA:50,0
DA:52,6
DA:53,6
DA:54,6
DA:55,6
DA:56,6
DA:57,6
DA:58,6
DA:59,6
DA:60,6
DA:61,18
DA:63,6
DA:65,6
DA:66,6
DA:67,0
DA:68,0
DA:69,0
DA:71,6
DA:72,7
DA:73,7
DA:74,6
LF:33
LH:29
end_of_record
TN:
SF:lib/src/locale_switcher.dart
FNF:0
FNH:0
DA:68,14
DA:70,14
DA:80,8
DA:81,8
DA:85,8
DA:87,8
DA:94,0
DA:99,6
DA:100,6
DA:108,12
DA:114,18
DA:206,6
DA:226,6
DA:232,2
DA:252,2
DA:277,6
DA:304,6
DA:324,1
DA:330,1
DA:350,1
DA:352,6
DA:353,6
DA:362,6
DA:365,12
DA:368,2
DA:369,2
DA:371,2
DA:373,0
DA:374,0
DA:375,0
DA:378,0
DA:379,2
DA:381,2
DA:382,1
DA:383,0
DA:386,1
DA:391,12
DA:392,12
DA:393,12
DA:394,6
DA:395,30
DA:399,30
DA:400,0
DA:402,30
DA:403,6
DA:404,6
DA:407,6
DA:410,6
DA:413,12
DA:414,12
DA:416,6
DA:417,6
DA:418,6
DA:420,30
DA:421,12
DA:422,18
DA:424,0
DA:430,6
DA:431,12
DA:433,6
DA:434,12
DA:437,12
DA:438,12
DA:439,12
DA:440,12
DA:441,12
DA:445,12
DA:446,30
DA:447,12
DA:448,6
DA:449,6
DA:452,8
DA:453,4
DA:454,4
DA:457,12
DA:458,12
DA:459,6
DA:461,2
DA:462,1
DA:463,1
DA:470,12
DA:471,6
DA:472,6
DA:474,6
DA:475,6
DA:481,6
DA:482,12
DA:483,6
DA:485,6
DA:486,6
LF:90
LH:82
end_of_record
TN:
SF:lib/src/preference_repository.dart
FNF:0
FNH:0
DA:8,7
DA:9,7
DA:12,4
DA:13,4
DA:16,7
DA:17,4
DA:21,6
LF:7
LH:7
end_of_record
TN:
SF:lib/src/public_extensions.dart
FNF:0
FNH:0
DA:16,30
DA:18,10
DA:27,10
DA:34,10
DA:36,10
DA:39,10
DA:41,10
DA:43,10
DA:45,10
DA:47,10
DA:49,10
DA:51,10
DA:53,10
DA:55,10
DA:57,10
DA:59,10
DA:61,10
DA:63,10
DA:65,10
DA:67,10
DA:69,10
DA:71,10
DA:73,10
DA:75,10
DA:77,10
DA:79,10
DA:81,10
DA:83,10
DA:86,10
DA:88,10
DA:90,10
DA:92,10
DA:94,10
DA:96,10
DA:98,10
DA:100,10
DA:103,10
DA:105,10
DA:107,10
DA:109,10
DA:111,10
DA:113,10
DA:115,10
DA:117,10
DA:119,10
DA:121,10
DA:124,10
DA:126,10
DA:128,10
DA:130,10
DA:133,10
DA:135,10
DA:137,10
DA:139,10
DA:141,10
DA:143,10
DA:145,10
DA:147,10
DA:149,10
DA:151,10
DA:153,10
DA:155,10
DA:158,10
DA:160,10
DA:162,10
DA:164,10
DA:166,10
DA:168,10
DA:170,10
DA:172,10
DA:174,10
DA:176,10
DA:178,10
DA:180,10
DA:182,10
DA:184,10
DA:186,10
DA:188,10
DA:191,10
DA:193,10
DA:195,10
DA:197,10
DA:199,10
DA:201,10
DA:203,10
DA:205,10
DA:207,10
DA:209,10
DA:211,10
DA:213,10
DA:215,10
DA:217,10
DA:219,10
DA:221,10
DA:223,10
DA:225,10
DA:227,10
DA:229,10
DA:231,10
DA:233,10
DA:235,10
DA:240,10
DA:243,10
DA:245,10
DA:247,10
DA:250,10
DA:252,10
DA:254,10
DA:256,10
DA:258,10
DA:260,10
DA:262,10
DA:264,10
DA:266,10
DA:269,10
DA:271,10
DA:274,10
DA:276,10
DA:278,10
DA:280,10
DA:282,10
DA:284,10
DA:286,10
DA:288,10
DA:290,10
DA:292,10
DA:294,10
DA:296,10
DA:298,10
DA:300,10
DA:302,10
DA:304,10
DA:306,10
DA:308,10
DA:310,10
DA:312,10
DA:314,10
DA:316,10
DA:318,10
DA:320,10
DA:322,10
DA:324,10
DA:326,10
DA:328,10
DA:330,10
DA:332,10
DA:334,10
DA:336,10
DA:338,10
DA:340,10
DA:342,10
DA:344,10
DA:350,18
DA:353,18
DA:410,3
DA:411,3
DA:412,3
DA:413,3
DA:414,9
DA:415,0
DA:416,0
DA:417,0
DA:419,9
DA:420,2
DA:421,0
DA:422,0
DA:423,0
DA:424,0
DA:427,4
DA:453,9
DA:455,9
DA:456,18
DA:457,16
DA:459,32
DA:460,12
DA:465,7
DA:466,7
DA:467,12
DA:486,1
DA:488,3
DA:489,2
DA:490,3
DA:491,3
DA:496,2
DA:497,2
DA:498,2
DA:499,2
DA:500,3
DA:502,6
DA:506,2
DA:510,7
DA:512,7
DA:515,7
DA:518,2
DA:522,2
DA:524,1
DA:525,2
DA:526,1
DA:527,1
DA:528,2
DA:529,0
DA:531,1
DA:533,1
DA:534,2
DA:535,2
DA:537,0
DA:539,1
DA:540,1
DA:541,2
DA:542,0
DA:544,2
DA:545,2
DA:547,0
DA:550,0
DA:551,0
DA:552,0
DA:556,4
DA:557,4
DA:560,2
DA:561,2
DA:563,2
DA:564,6
DA:566,4
DA:570,0
DA:571,0
DA:593,1
DA:600,1
DA:602,1
DA:603,1
DA:605,2
DA:606,1
DA:607,1
DA:608,1
DA:610,0
DA:612,1
DA:615,1
DA:616,1
DA:617,1
DA:622,1
DA:623,1
DA:624,1
DA:625,1
DA:626,1
DA:627,1
DA:628,1
DA:629,1
DA:631,1
DA:632,2
DA:647,1
DA:648,1
DA:649,1
DA:650,1
DA:651,1
DA:652,2
LF:254
LH:237
end_of_record
TN:
SF:lib/src/show_select_locale_dialog.dart
FNF:0
FNH:0
DA:5,2
DA:14,4
DA:15,2
DA:17,2
DA:18,2
DA:19,2
DA:20,2
DA:21,4
DA:22,4
DA:23,2
DA:26,2
DA:27,0
DA:28,4
DA:32,2
DA:33,2
DA:34,2
DA:36,2
DA:37,2
DA:38,6
DA:41,6
DA:42,0
DA:43,0
LF:22
LH:19
end_of_record
TN:
SF:lib/src/supported_locale_names.dart
FNF:0
FNH:0
DA:16,8
DA:18,16
DA:19,16
DA:20,16
DA:21,16
DA:25,16
DA:26,16
DA:27,32
DA:28,16
DA:29,40
DA:34,7
DA:40,2
DA:41,2
DA:42,2
DA:43,2
DA:46,14
DA:47,14
DA:48,21
DA:49,21
DA:53,1
DA:57,1
DA:60,3
DA:61,3
DA:62,2
DA:69,1
DA:70,1
DA:71,1
DA:74,1
DA:75,2
DA:76,3
DA:77,3
DA:78,2
DA:85,8
DA:86,16
DA:88,8
DA:90,16
DA:93,4
DA:95,20
DA:96,12
DA:97,8
DA:100,0
DA:102,0
DA:103,0
DA:104,0
DA:111,7
DA:116,14
DA:117,14
DA:118,14
DA:119,7
DA:120,14
DA:121,14
DA:122,7
DA:128,7
DA:129,21
LF:54
LH:50
end_of_record
TN:
SF:lib/src/system_locale_name.dart
FNF:0
FNH:0
DA:10,8
DA:11,16
DA:13,2
DA:15,8
DA:18,8
LF:5
LH:5
end_of_record
